# JRE version: OpenJDK Runtime Environment Temurin-17.0.13+11 (17.0.13+11) (build 17.0.13+11)
# Java VM: OpenJDK 64-Bit Server VM Temurin-17.0.13+11 (17.0.13+11, mixed mode, tiered, compressed oops, compressed class ptrs, parallel gc, windows-amd64)
GC Precious Log:
 CPUs: 8 total, 8 available
 Memory: 16242M
 Large Page Support: Disabled
 NUMA Support: Disabled
 Compressed Oops: Enabled (32-bit)
 Alignments: Space 512K, Generation 512K, Heap 2M
 Heap Min Capacity: 100M
 Heap Initial Capacity: 100M
 Heap Max Capacity: 1G
 Pre-touch: Disabled
 Parallel Workers: 8
Heap:
 PSYoungGen      total 22016K, used 8918K [0x00000000eab00000, 0x00000000ec200000, 0x0000000100000000)
  eden space 20992K, 39% used [0x00000000eab00000,0x00000000eb315b98,0x00000000ebf80000)
  from space 1024K, 62% used [0x00000000ebf80000,0x00000000ec020020,0x00000000ec080000)
  to   space 1024K, 0% used [0x00000000ec100000,0x00000000ec100000,0x00000000ec200000)
 ParOldGen       total 68608K, used 22334K [0x00000000c0000000, 0x00000000c4300000, 0x00000000eab00000)
  object space 68608K, 32% used [0x00000000c0000000,0x00000000c15cfa28,0x00000000c4300000)
 Metaspace       used 47693K, committed 48512K, reserved 1114112K
  class space    used 4676K, committed 5056K, reserved 1048576K
GC Heap History (20 events):
Event: 61.859 GC heap before
{Heap before GC invocations=12 (full 2):
 PSYoungGen      total 26112K, used 23552K [0x00000000eab00000, 0x00000000ec800000, 0x0000000100000000)
  eden space 23552K, 100% used [0x00000000eab00000,0x00000000ec200000,0x00000000ec200000)
  from space 2560K, 0% used [0x00000000ec280000,0x00000000ec280000,0x00000000ec500000)
  to   space 3072K, 0% used [0x00000000ec500000,0x00000000ec500000,0x00000000ec800000)
 ParOldGen       total 68608K, used 12336K [0x00000000c0000000, 0x00000000c4300000, 0x00000000eab00000)
  object space 68608K, 17% used [0x00000000c0000000,0x00000000c0c0c270,0x00000000c4300000)
 Metaspace       used 38219K, committed 38848K, reserved 1114112K
  class space    used 3849K, committed 4160K, reserved 1048576K
}
Event: 61.862 GC heap after
{Heap after GC invocations=12 (full 2):
 PSYoungGen      total 24576K, used 1323K [0x00000000eab00000, 0x00000000ec680000, 0x0000000100000000)
  eden space 23040K, 0% used [0x00000000eab00000,0x00000000eab00000,0x00000000ec180000)
  from space 1536K, 86% used [0x00000000ec500000,0x00000000ec64ae38,0x00000000ec680000)
  to   space 2048K, 0% used [0x00000000ec280000,0x00000000ec280000,0x00000000ec480000)
 ParOldGen       total 68608K, used 12344K [0x00000000c0000000, 0x00000000c4300000, 0x00000000eab00000)
  object space 68608K, 17% used [0x00000000c0000000,0x00000000c0c0e270,0x00000000c4300000)
 Metaspace       used 38219K, committed 38848K, reserved 1114112K
  class space    used 3849K, committed 4160K, reserved 1048576K
}
Event: 62.644 GC heap before
{Heap before GC invocations=13 (full 2):
 PSYoungGen      total 24576K, used 24363K [0x00000000eab00000, 0x00000000ec680000, 0x0000000100000000)
  eden space 23040K, 100% used [0x00000000eab00000,0x00000000ec180000,0x00000000ec180000)
  from space 1536K, 86% used [0x00000000ec500000,0x00000000ec64ae38,0x00000000ec680000)
  to   space 2048K, 0% used [0x00000000ec280000,0x00000000ec280000,0x00000000ec480000)
 ParOldGen       total 68608K, used 12344K [0x00000000c0000000, 0x00000000c4300000, 0x00000000eab00000)
  object space 68608K, 17% used [0x00000000c0000000,0x00000000c0c0e270,0x00000000c4300000)
 Metaspace       used 40479K, committed 41216K, reserved 1114112K
  class space    used 4103K, committed 4416K, reserved 1048576K
}
Event: 62.648 GC heap after
{Heap after GC invocations=13 (full 2):
 PSYoungGen      total 24576K, used 1968K [0x00000000eab00000, 0x00000000ec600000, 0x0000000100000000)
  eden space 22528K, 0% used [0x00000000eab00000,0x00000000eab00000,0x00000000ec100000)
  from space 2048K, 96% used [0x00000000ec280000,0x00000000ec46c0a0,0x00000000ec480000)
  to   space 1536K, 0% used [0x00000000ec480000,0x00000000ec480000,0x00000000ec600000)
 ParOldGen       total 68608K, used 13556K [0x00000000c0000000, 0x00000000c4300000, 0x00000000eab00000)
  object space 68608K, 19% used [0x00000000c0000000,0x00000000c0d3d350,0x00000000c4300000)
 Metaspace       used 40479K, committed 41216K, reserved 1114112K
  class space    used 4103K, committed 4416K, reserved 1048576K
}
Event: 62.867 GC heap before
{Heap before GC invocations=14 (full 2):
 PSYoungGen      total 24576K, used 24496K [0x00000000eab00000, 0x00000000ec600000, 0x0000000100000000)
  eden space 22528K, 100% used [0x00000000eab00000,0x00000000ec100000,0x00000000ec100000)
  from space 2048K, 96% used [0x00000000ec280000,0x00000000ec46c0a0,0x00000000ec480000)
  to   space 1536K, 0% used [0x00000000ec480000,0x00000000ec480000,0x00000000ec600000)
 ParOldGen       total 68608K, used 13556K [0x00000000c0000000, 0x00000000c4300000, 0x00000000eab00000)
  object space 68608K, 19% used [0x00000000c0000000,0x00000000c0d3d350,0x00000000c4300000)
 Metaspace       used 40567K, committed 41280K, reserved 1114112K
  class space    used 4108K, committed 4416K, reserved 1048576K
}
Event: 62.872 GC heap after
{Heap after GC invocations=14 (full 2):
 PSYoungGen      total 23040K, used 1521K [0x00000000eab00000, 0x00000000ec980000, 0x0000000100000000)
  eden space 21504K, 0% used [0x00000000eab00000,0x00000000eab00000,0x00000000ec000000)
  from space 1536K, 99% used [0x00000000ec480000,0x00000000ec5fc410,0x00000000ec600000)
  to   space 4608K, 0% used [0x00000000ec000000,0x00000000ec000000,0x00000000ec480000)
 ParOldGen       total 68608K, used 15812K [0x00000000c0000000, 0x00000000c4300000, 0x00000000eab00000)
  object space 68608K, 23% used [0x00000000c0000000,0x00000000c0f71358,0x00000000c4300000)
 Metaspace       used 40567K, committed 41280K, reserved 1114112K
  class space    used 4108K, committed 4416K, reserved 1048576K
}
Event: 63.127 GC heap before
{Heap before GC invocations=15 (full 2):
 PSYoungGen      total 23040K, used 23025K [0x00000000eab00000, 0x00000000ec980000, 0x0000000100000000)
  eden space 21504K, 100% used [0x00000000eab00000,0x00000000ec000000,0x00000000ec000000)
  from space 1536K, 99% used [0x00000000ec480000,0x00000000ec5fc410,0x00000000ec600000)
  to   space 4608K, 0% used [0x00000000ec000000,0x00000000ec000000,0x00000000ec480000)
 ParOldGen       total 68608K, used 15812K [0x00000000c0000000, 0x00000000c4300000, 0x00000000eab00000)
  object space 68608K, 23% used [0x00000000c0000000,0x00000000c0f71358,0x00000000c4300000)
 Metaspace       used 40630K, committed 41408K, reserved 1114112K
  class space    used 4110K, committed 4416K, reserved 1048576K
}
Event: 63.132 GC heap after
{Heap after GC invocations=15 (full 2):
 PSYoungGen      total 23552K, used 1922K [0x00000000eab00000, 0x00000000ec600000, 0x0000000100000000)
  eden space 21504K, 0% used [0x00000000eab00000,0x00000000eab00000,0x00000000ec000000)
  from space 2048K, 93% used [0x00000000ec000000,0x00000000ec1e0800,0x00000000ec200000)
  to   space 3072K, 0% used [0x00000000ec300000,0x00000000ec300000,0x00000000ec600000)
 ParOldGen       total 68608K, used 17308K [0x00000000c0000000, 0x00000000c4300000, 0x00000000eab00000)
  object space 68608K, 25% used [0x00000000c0000000,0x00000000c10e7368,0x00000000c4300000)
 Metaspace       used 40630K, committed 41408K, reserved 1114112K
  class space    used 4110K, committed 4416K, reserved 1048576K
}
Event: 63.912 GC heap before
{Heap before GC invocations=16 (full 2):
 PSYoungGen      total 23552K, used 23426K [0x00000000eab00000, 0x00000000ec600000, 0x0000000100000000)
  eden space 21504K, 100% used [0x00000000eab00000,0x00000000ec000000,0x00000000ec000000)
  from space 2048K, 93% used [0x00000000ec000000,0x00000000ec1e0800,0x00000000ec200000)
  to   space 3072K, 0% used [0x00000000ec300000,0x00000000ec300000,0x00000000ec600000)
 ParOldGen       total 68608K, used 17308K [0x00000000c0000000, 0x00000000c4300000, 0x00000000eab00000)
  object space 68608K, 25% used [0x00000000c0000000,0x00000000c10e7368,0x00000000c4300000)
 Metaspace       used 42129K, committed 42816K, reserved 1114112K
  class space    used 4242K, committed 4544K, reserved 1048576K
}
Event: 63.918 GC heap after
{Heap after GC invocations=16 (full 2):
 PSYoungGen      total 23552K, used 1836K [0x00000000eab00000, 0x00000000ec500000, 0x0000000100000000)
  eden space 21504K, 0% used [0x00000000eab00000,0x00000000eab00000,0x00000000ec000000)
  from space 2048K, 89% used [0x00000000ec300000,0x00000000ec4cb338,0x00000000ec500000)
  to   space 2048K, 0% used [0x00000000ec000000,0x00000000ec000000,0x00000000ec200000)
 ParOldGen       total 68608K, used 19148K [0x00000000c0000000, 0x00000000c4300000, 0x00000000eab00000)
  object space 68608K, 27% used [0x00000000c0000000,0x00000000c12b33e8,0x00000000c4300000)
 Metaspace       used 42129K, committed 42816K, reserved 1114112K
  class space    used 4242K, committed 4544K, reserved 1048576K
}
Event: 64.117 GC heap before
{Heap before GC invocations=17 (full 2):
 PSYoungGen      total 23552K, used 23340K [0x00000000eab00000, 0x00000000ec500000, 0x0000000100000000)
  eden space 21504K, 100% used [0x00000000eab00000,0x00000000ec000000,0x00000000ec000000)
  from space 2048K, 89% used [0x00000000ec300000,0x00000000ec4cb338,0x00000000ec500000)
  to   space 2048K, 0% used [0x00000000ec000000,0x00000000ec000000,0x00000000ec200000)
 ParOldGen       total 68608K, used 19148K [0x00000000c0000000, 0x00000000c4300000, 0x00000000eab00000)
  object space 68608K, 27% used [0x00000000c0000000,0x00000000c12b33e8,0x00000000c4300000)
 Metaspace       used 42148K, committed 42880K, reserved 1114112K
  class space    used 4242K, committed 4544K, reserved 1048576K
}
Event: 64.120 GC heap after
{Heap after GC invocations=17 (full 2):
 PSYoungGen      total 23552K, used 1063K [0x00000000eab00000, 0x00000000ec380000, 0x0000000100000000)
  eden space 21504K, 0% used [0x00000000eab00000,0x00000000eab00000,0x00000000ec000000)
  from space 2048K, 51% used [0x00000000ec000000,0x00000000ec109f88,0x00000000ec200000)
  to   space 1536K, 0% used [0x00000000ec200000,0x00000000ec200000,0x00000000ec380000)
 ParOldGen       total 68608K, used 20538K [0x00000000c0000000, 0x00000000c4300000, 0x00000000eab00000)
  object space 68608K, 29% used [0x00000000c0000000,0x00000000c140e838,0x00000000c4300000)
 Metaspace       used 42148K, committed 42880K, reserved 1114112K
  class space    used 4242K, committed 4544K, reserved 1048576K
}
Event: 64.953 GC heap before
{Heap before GC invocations=18 (full 2):
 PSYoungGen      total 23552K, used 22551K [0x00000000eab00000, 0x00000000ec380000, 0x0000000100000000)
  eden space 21504K, 99% used [0x00000000eab00000,0x00000000ebffc008,0x00000000ec000000)
  from space 2048K, 51% used [0x00000000ec000000,0x00000000ec109f88,0x00000000ec200000)
  to   space 1536K, 0% used [0x00000000ec200000,0x00000000ec200000,0x00000000ec380000)
 ParOldGen       total 68608K, used 20538K [0x00000000c0000000, 0x00000000c4300000, 0x00000000eab00000)
  object space 68608K, 29% used [0x00000000c0000000,0x00000000c140e838,0x00000000c4300000)
 Metaspace       used 43586K, committed 44352K, reserved 1114112K
  class space    used 4415K, committed 4736K, reserved 1048576K
}
Event: 64.954 GC heap after
{Heap after GC invocations=18 (full 2):
 PSYoungGen      total 22016K, used 448K [0x00000000eab00000, 0x00000000ec280000, 0x0000000100000000)
  eden space 21504K, 0% used [0x00000000eab00000,0x00000000eab00000,0x00000000ec000000)
  from space 512K, 87% used [0x00000000ec200000,0x00000000ec270000,0x00000000ec280000)
  to   space 1024K, 0% used [0x00000000ec080000,0x00000000ec080000,0x00000000ec180000)
 ParOldGen       total 68608K, used 20546K [0x00000000c0000000, 0x00000000c4300000, 0x00000000eab00000)
  object space 68608K, 29% used [0x00000000c0000000,0x00000000c1410838,0x00000000c4300000)
 Metaspace       used 43586K, committed 44352K, reserved 1114112K
  class space    used 4415K, committed 4736K, reserved 1048576K
}
Event: 65.686 GC heap before
{Heap before GC invocations=19 (full 2):
 PSYoungGen      total 22016K, used 21952K [0x00000000eab00000, 0x00000000ec280000, 0x0000000100000000)
  eden space 21504K, 100% used [0x00000000eab00000,0x00000000ec000000,0x00000000ec000000)
  from space 512K, 87% used [0x00000000ec200000,0x00000000ec270000,0x00000000ec280000)
  to   space 1024K, 0% used [0x00000000ec080000,0x00000000ec080000,0x00000000ec180000)
 ParOldGen       total 68608K, used 20546K [0x00000000c0000000, 0x00000000c4300000, 0x00000000eab00000)
  object space 68608K, 29% used [0x00000000c0000000,0x00000000c1410838,0x00000000c4300000)
 Metaspace       used 45254K, committed 46080K, reserved 1114112K
  class space    used 4576K, committed 4928K, reserved 1048576K
}
Event: 65.688 GC heap after
{Heap after GC invocations=19 (full 2):
 PSYoungGen      total 22528K, used 704K [0x00000000eab00000, 0x00000000ec280000, 0x0000000100000000)
  eden space 21504K, 0% used [0x00000000eab00000,0x00000000eab00000,0x00000000ec000000)
  from space 1024K, 68% used [0x00000000ec080000,0x00000000ec130000,0x00000000ec180000)
  to   space 1024K, 0% used [0x00000000ec180000,0x00000000ec180000,0x00000000ec280000)
 ParOldGen       total 68608K, used 20786K [0x00000000c0000000, 0x00000000c4300000, 0x00000000eab00000)
  object space 68608K, 30% used [0x00000000c0000000,0x00000000c144c838,0x00000000c4300000)
 Metaspace       used 45254K, committed 46080K, reserved 1114112K
  class space    used 4576K, committed 4928K, reserved 1048576K
}
Event: 11667.115 GC heap before
{Heap before GC invocations=20 (full 2):
 PSYoungGen      total 22528K, used 22208K [0x00000000eab00000, 0x00000000ec280000, 0x0000000100000000)
  eden space 21504K, 100% used [0x00000000eab00000,0x00000000ec000000,0x00000000ec000000)
  from space 1024K, 68% used [0x00000000ec080000,0x00000000ec130000,0x00000000ec180000)
  to   space 1024K, 0% used [0x00000000ec180000,0x00000000ec180000,0x00000000ec280000)
 ParOldGen       total 68608K, used 20786K [0x00000000c0000000, 0x00000000c4300000, 0x00000000eab00000)
  object space 68608K, 30% used [0x00000000c0000000,0x00000000c144c838,0x00000000c4300000)
 Metaspace       used 47021K, committed 47872K, reserved 1114112K
  class space    used 4671K, committed 5056K, reserved 1048576K
}
Event: 11667.160 GC heap after
{Heap after GC invocations=20 (full 2):
 PSYoungGen      total 22016K, used 1008K [0x00000000eab00000, 0x00000000ec400000, 0x0000000100000000)
  eden space 20992K, 0% used [0x00000000eab00000,0x00000000eab00000,0x00000000ebf80000)
  from space 1024K, 98% used [0x00000000ec180000,0x00000000ec27c018,0x00000000ec280000)
  to   space 2048K, 0% used [0x00000000ebf80000,0x00000000ebf80000,0x00000000ec180000)
 ParOldGen       total 68608K, used 21394K [0x00000000c0000000, 0x00000000c4300000, 0x00000000eab00000)
  object space 68608K, 31% used [0x00000000c0000000,0x00000000c14e4838,0x00000000c4300000)
 Metaspace       used 47021K, committed 47872K, reserved 1114112K
  class space    used 4671K, committed 5056K, reserved 1048576K
}
Event: 26684.804 GC heap before
{Heap before GC invocations=21 (full 2):
 PSYoungGen      total 22016K, used 22000K [0x00000000eab00000, 0x00000000ec400000, 0x0000000100000000)
  eden space 20992K, 100% used [0x00000000eab00000,0x00000000ebf80000,0x00000000ebf80000)
  from space 1024K, 98% used [0x00000000ec180000,0x00000000ec27c018,0x00000000ec280000)
  to   space 2048K, 0% used [0x00000000ebf80000,0x00000000ebf80000,0x00000000ec180000)
 ParOldGen       total 68608K, used 21394K [0x00000000c0000000, 0x00000000c4300000, 0x00000000eab00000)
  object space 68608K, 31% used [0x00000000c0000000,0x00000000c14e4838,0x00000000c4300000)
 Metaspace       used 47561K, committed 48448K, reserved 1114112K
  class space    used 4672K, committed 5056K, reserved 1048576K
}
Event: 26684.850 GC heap after
{Heap after GC invocations=21 (full 2):
 PSYoungGen      total 22016K, used 640K [0x00000000eab00000, 0x00000000ec200000, 0x0000000100000000)
  eden space 20992K, 0% used [0x00000000eab00000,0x00000000eab00000,0x00000000ebf80000)
  from space 1024K, 62% used [0x00000000ebf80000,0x00000000ec020020,0x00000000ec080000)
  to   space 1024K, 0% used [0x00000000ec100000,0x00000000ec100000,0x00000000ec200000)
 ParOldGen       total 68608K, used 22334K [0x00000000c0000000, 0x00000000c4300000, 0x00000000eab00000)
  object space 68608K, 32% used [0x00000000c0000000,0x00000000c15cfa28,0x00000000c4300000)
 Metaspace       used 47561K, committed 48448K, reserved 1114112K
  class space    used 4672K, committed 5056K, reserved 1048576K
}

